# JRE version: Java(TM) SE Runtime Environment (8.0_202-b08) (build 1.8.0_202-b08)
# Java VM: Java HotSpot(TM) 64-Bit Server VM (25.202-b08 mixed mode windows-amd64 compressed oops)
Heap:
 PSYoungGen      total 1295872K, used 21315K [0x0000000746400000, 0x000000079ab80000, 0x00000007c0000000)
  eden space 1257984K, 1% used [0x0000000746400000,0x00000007478d0c48,0x0000000793080000)
  from space 37888K, 0% used [0x0000000798680000,0x0000000798680000,0x000000079ab80000)
  to   space 62976K, 0% used [0x0000000793080000,0x0000000793080000,0x0000000796e00000)
 ParOldGen       total 319488K, used 168559K [0x0000000652c00000, 0x0000000666400000, 0x0000000746400000)
  object space 319488K, 52% used [0x0000000652c00000,0x000000065d09bc48,0x0000000666400000)
 Metaspace       used 31153K, capacity 32330K, committed 55000K, reserved 1097728K
  class space    used 3393K, capacity 3636K, committed 7040K, reserved 1048576K
GC Heap History (10 events):
Event: 26.461 GC heap before
{Heap before GC invocations=13 (full 2):
 PSYoungGen      total 1043456K, used 1006592K [0x0000000746400000, 0x000000078b380000, 0x00000007c0000000)
  eden space 1006592K, 100% used [0x0000000746400000,0x0000000783b00000,0x0000000783b00000)
  from space 36864K, 0% used [0x0000000788f80000,0x0000000788f80000,0x000000078b380000)
  to   space 58368K, 0% used [0x0000000784180000,0x0000000784180000,0x0000000787a80000)
 ParOldGen       total 319488K, used 112134K [0x0000000652c00000, 0x0000000666400000, 0x0000000746400000)
  object space 319488K, 35% used [0x0000000652c00000,0x00000006599818a8,0x0000000666400000)
 Metaspace       used 35489K, capacity 36768K, committed 37120K, reserved 1081344K
  class space    used 3967K, capacity 4257K, committed 4352K, reserved 1048576K
Event: 26.498 GC heap after
Heap after GC invocations=13 (full 2):
 PSYoungGen      total 1071616K, used 58363K [0x0000000746400000, 0x000000079c600000, 0x00000007c0000000)
  eden space 1013248K, 0% used [0x0000000746400000,0x0000000746400000,0x0000000784180000)
  from space 58368K, 99% used [0x0000000784180000,0x0000000787a7ee38,0x0000000787a80000)
  to   space 65024K, 0% used [0x0000000798680000,0x0000000798680000,0x000000079c600000)
 ParOldGen       total 319488K, used 113050K [0x0000000652c00000, 0x0000000666400000, 0x0000000746400000)
  object space 319488K, 35% used [0x0000000652c00000,0x0000000659a66910,0x0000000666400000)
 Metaspace       used 35489K, capacity 36768K, committed 37120K, reserved 1081344K
  class space    used 3967K, capacity 4257K, committed 4352K, reserved 1048576K
}
Event: 33.624 GC heap before
{Heap before GC invocations=14 (full 2):
 PSYoungGen      total 1071616K, used 1071611K [0x0000000746400000, 0x000000079c600000, 0x00000007c0000000)
  eden space 1013248K, 100% used [0x0000000746400000,0x0000000784180000,0x0000000784180000)
  from space 58368K, 99% used [0x0000000784180000,0x0000000787a7ee38,0x0000000787a80000)
  to   space 65024K, 0% used [0x0000000798680000,0x0000000798680000,0x000000079c600000)
 ParOldGen       total 319488K, used 113050K [0x0000000652c00000, 0x0000000666400000, 0x0000000746400000)
  object space 319488K, 35% used [0x0000000652c00000,0x0000000659a66910,0x0000000666400000)
 Metaspace       used 44014K, capacity 46006K, committed 46208K, reserved 1089536K
  class space    used 5004K, capacity 5448K, committed 5504K, reserved 1048576K
Event: 33.659 GC heap after
Heap after GC invocations=14 (full 2):
 PSYoungGen      total 1295872K, used 32718K [0x0000000746400000, 0x000000079ab80000, 0x00000007c0000000)
  eden space 1257984K, 0% used [0x0000000746400000,0x0000000746400000,0x0000000793080000)
  from space 37888K, 86% used [0x0000000798680000,0x000000079a673878,0x000000079ab80000)
  to   space 62976K, 0% used [0x0000000793080000,0x0000000793080000,0x0000000796e00000)
 ParOldGen       total 319488K, used 148286K [0x0000000652c00000, 0x0000000666400000, 0x0000000746400000)
  object space 319488K, 46% used [0x0000000652c00000,0x000000065bccfa20,0x0000000666400000)
 Metaspace       used 44014K, capacity 46006K, committed 46208K, reserved 1089536K
  class space    used 5004K, capacity 5448K, committed 5504K, reserved 1048576K
}
Event: 42.329 GC heap before
{Heap before GC invocations=15 (full 2):
 PSYoungGen      total 1295872K, used 1290702K [0x0000000746400000, 0x000000079ab80000, 0x00000007c0000000)
  eden space 1257984K, 100% used [0x0000000746400000,0x0000000793080000,0x0000000793080000)
  from space 37888K, 86% used [0x0000000798680000,0x000000079a673878,0x000000079ab80000)
  to   space 62976K, 0% used [0x0000000793080000,0x0000000793080000,0x0000000796e00000)
 ParOldGen       total 319488K, used 148286K [0x0000000652c00000, 0x0000000666400000, 0x0000000746400000)
  object space 319488K, 46% used [0x0000000652c00000,0x000000065bccfa20,0x0000000666400000)
 Metaspace       used 53539K, capacity 56170K, committed 56448K, reserved 1099776K
  class space    used 6130K, capacity 6677K, committed 6784K, reserved 1048576K
Event: 42.366 GC heap after
Heap after GC invocations=15 (full 2):
 PSYoungGen      total 1320960K, used 53882K [0x0000000746400000, 0x000000079ab80000, 0x00000007c0000000)
  eden space 1257984K, 0% used [0x0000000746400000,0x0000000746400000,0x0000000793080000)
  from space 62976K, 85% used [0x0000000793080000,0x000000079651ea18,0x0000000796e00000)
  to   space 37888K, 0% used [0x0000000798680000,0x0000000798680000,0x000000079ab80000)
 ParOldGen       total 319488K, used 148294K [0x0000000652c00000, 0x0000000666400000, 0x0000000746400000)
  object space 319488K, 46% used [0x0000000652c00000,0x000000065bcd1a20,0x0000000666400000)
 Metaspace       used 53539K, capacity 56170K, committed 56448K, reserved 1099776K
  class space    used 6130K, capacity 6677K, committed 6784K, reserved 1048576K
}
Event: 44.267 GC heap before
{Heap before GC invocations=16 (full 2):
 PSYoungGen      total 1320960K, used 277020K [0x0000000746400000, 0x000000079ab80000, 0x00000007c0000000)
  eden space 1257984K, 17% used [0x0000000746400000,0x0000000753de8938,0x0000000793080000)
  from space 62976K, 85% used [0x0000000793080000,0x000000079651ea18,0x0000000796e00000)
  to   space 37888K, 0% used [0x0000000798680000,0x0000000798680000,0x000000079ab80000)
 ParOldGen       total 319488K, used 148294K [0x0000000652c00000, 0x0000000666400000, 0x0000000746400000)
  object space 319488K, 46% used [0x0000000652c00000,0x000000065bcd1a20,0x0000000666400000)
 Metaspace       used 56208K, capacity 59010K, committed 59096K, reserved 1101824K
  class space    used 6448K, capacity 7027K, committed 7040K, reserved 1048576K
Event: 44.283 GC heap after
Heap after GC invocations=16 (full 2):
 PSYoungGen      total 1295872K, used 37871K [0x0000000746400000, 0x000000079ab80000, 0x00000007c0000000)
  eden space 1257984K, 0% used [0x0000000746400000,0x0000000746400000,0x0000000793080000)
  from space 37888K, 99% used [0x0000000798680000,0x000000079ab7bca8,0x000000079ab80000)
  to   space 62976K, 0% used [0x0000000793080000,0x0000000793080000,0x0000000796e00000)
 ParOldGen       total 319488K, used 153347K [0x0000000652c00000, 0x0000000666400000, 0x0000000746400000)
  object space 319488K, 47% used [0x0000000652c00000,0x000000065c1c0ca0,0x0000000666400000)
 Metaspace       used 56208K, capacity 59010K, committed 59096K, reserved 1101824K
  class space    used 6448K, capacity 7027K, committed 7040K, reserved 1048576K
}
Event: 44.283 GC heap before
{Heap before GC invocations=17 (full 3):
 PSYoungGen      total 1295872K, used 37871K [0x0000000746400000, 0x000000079ab80000, 0x00000007c0000000)
  eden space 1257984K, 0% used [0x0000000746400000,0x0000000746400000,0x0000000793080000)
  from space 37888K, 99% used [0x0000000798680000,0x000000079ab7bca8,0x000000079ab80000)
  to   space 62976K, 0% used [0x0000000793080000,0x0000000793080000,0x0000000796e00000)
 ParOldGen       total 319488K, used 153347K [0x0000000652c00000, 0x0000000666400000, 0x0000000746400000)
  object space 319488K, 47% used [0x0000000652c00000,0x000000065c1c0ca0,0x0000000666400000)
 Metaspace       used 56208K, capacity 59010K, committed 59096K, reserved 1101824K
  class space    used 6448K, capacity 7027K, committed 7040K, reserved 1048576K
Event: 44.683 GC heap after
Heap after GC invocations=17 (full 3):
 PSYoungGen      total 1295872K, used 0K [0x0000000746400000, 0x000000079ab80000, 0x00000007c0000000)
  eden space 1257984K, 0% used [0x0000000746400000,0x0000000746400000,0x0000000793080000)
  from space 37888K, 0% used [0x0000000798680000,0x0000000798680000,0x000000079ab80000)
  to   space 62976K, 0% used [0x0000000793080000,0x0000000793080000,0x0000000796e00000)
 ParOldGen       total 319488K, used 168559K [0x0000000652c00000, 0x0000000666400000, 0x0000000746400000)
  object space 319488K, 52% used [0x0000000652c00000,0x000000065d09bc48,0x0000000666400000)
 Metaspace       used 31075K, capacity 32266K, committed 55000K, reserved 1097728K
  class space    used 3385K, capacity 3636K, committed 7040K, reserved 1048576K
}

