# JRE version: Java(TM) SE Runtime Environment (8.0_202-b08) (build 1.8.0_202-b08)
# Java VM: Java HotSpot(TM) 64-Bit Server VM (25.202-b08 mixed mode windows-amd64 compressed oops)
Heap:
 PSYoungGen      total 885248K, used 125595K [0x0000000746400000, 0x0000000781000000, 0x00000007c0000000)
  eden space 826880K, 8% used [0x0000000746400000,0x000000074a5a97a0,0x0000000778b80000)
  from space 58368K, 99% used [0x000000077ca80000,0x000000078037d7e0,0x0000000780380000)
  to   space 64512K, 0% used [0x0000000778b80000,0x0000000778b80000,0x000000077ca80000)
 ParOldGen       total 318976K, used 167584K [0x0000000652c00000, 0x0000000666380000, 0x0000000746400000)
  object space 318976K, 52% used [0x0000000652c00000,0x000000065cfa81e8,0x0000000666380000)
 Metaspace       used 49544K, capacity 52142K, committed 55000K, reserved 1097728K
  class space    used 5609K, capacity 6086K, committed 7040K, reserved 1048576K
GC Heap History (10 events):
Event: 39.765 GC heap before
{Heap before GC invocations=17 (full 2):
 PSYoungGen      total 800768K, used 206240K [0x0000000746400000, 0x000000077aa00000, 0x00000007c0000000)
  eden space 748544K, 21% used [0x0000000746400000,0x0000000750097cf8,0x0000000773f00000)
  from space 52224K, 87% used [0x0000000777700000,0x000000077a3d0668,0x000000077aa00000)
  to   space 54784K, 0% used [0x0000000773f00000,0x0000000773f00000,0x0000000777480000)
 ParOldGen       total 318976K, used 159915K [0x0000000652c00000, 0x0000000666380000, 0x0000000746400000)
  object space 318976K, 50% used [0x0000000652c00000,0x000000065c82ae50,0x0000000666380000)
 Metaspace       used 56225K, capacity 59006K, committed 59096K, reserved 1101824K
  class space    used 6447K, capacity 7027K, committed 7040K, reserved 1048576K
Event: 39.775 GC heap after
Heap after GC invocations=17 (full 2):
 PSYoungGen      total 803328K, used 35702K [0x0000000746400000, 0x000000077aa00000, 0x00000007c0000000)
  eden space 748544K, 0% used [0x0000000746400000,0x0000000746400000,0x0000000773f00000)
  from space 54784K, 65% used [0x0000000773f00000,0x00000007761dd908,0x0000000777480000)
  to   space 52224K, 0% used [0x0000000777700000,0x0000000777700000,0x000000077aa00000)
 ParOldGen       total 318976K, used 159923K [0x0000000652c00000, 0x0000000666380000, 0x0000000746400000)
  object space 318976K, 50% used [0x0000000652c00000,0x000000065c82ce50,0x0000000666380000)
 Metaspace       used 56225K, capacity 59006K, committed 59096K, reserved 1101824K
  class space    used 6447K, capacity 7027K, committed 7040K, reserved 1048576K
}
Event: 39.775 GC heap before
{Heap before GC invocations=18 (full 3):
 PSYoungGen      total 803328K, used 35702K [0x0000000746400000, 0x000000077aa00000, 0x00000007c0000000)
  eden space 748544K, 0% used [0x0000000746400000,0x0000000746400000,0x0000000773f00000)
  from space 54784K, 65% used [0x0000000773f00000,0x00000007761dd908,0x0000000777480000)
  to   space 52224K, 0% used [0x0000000777700000,0x0000000777700000,0x000000077aa00000)
 ParOldGen       total 318976K, used 159923K [0x0000000652c00000, 0x0000000666380000, 0x0000000746400000)
  object space 318976K, 50% used [0x0000000652c00000,0x000000065c82ce50,0x0000000666380000)
 Metaspace       used 56225K, capacity 59006K, committed 59096K, reserved 1101824K
  class space    used 6447K, capacity 7027K, committed 7040K, reserved 1048576K
Event: 40.272 GC heap after
Heap after GC invocations=18 (full 3):
 PSYoungGen      total 803328K, used 0K [0x0000000746400000, 0x000000077aa00000, 0x00000007c0000000)
  eden space 748544K, 0% used [0x0000000746400000,0x0000000746400000,0x0000000773f00000)
  from space 54784K, 0% used [0x0000000773f00000,0x0000000773f00000,0x0000000777480000)
  to   space 52224K, 0% used [0x0000000777700000,0x0000000777700000,0x000000077aa00000)
 ParOldGen       total 318976K, used 166536K [0x0000000652c00000, 0x0000000666380000, 0x0000000746400000)
  object space 318976K, 52% used [0x0000000652c00000,0x000000065cea23d0,0x0000000666380000)
 Metaspace       used 29622K, capacity 30714K, committed 55000K, reserved 1097728K
  class space    used 3212K, capacity 3461K, committed 7040K, reserved 1048576K
}
Event: 46.394 GC heap before
{Heap before GC invocations=19 (full 3):
 PSYoungGen      total 803328K, used 748544K [0x0000000746400000, 0x000000077aa00000, 0x00000007c0000000)
  eden space 748544K, 100% used [0x0000000746400000,0x0000000773f00000,0x0000000773f00000)
  from space 54784K, 0% used [0x0000000773f00000,0x0000000773f00000,0x0000000777480000)
  to   space 52224K, 0% used [0x0000000777700000,0x0000000777700000,0x000000077aa00000)
 ParOldGen       total 318976K, used 166536K [0x0000000652c00000, 0x0000000666380000, 0x0000000746400000)
  object space 318976K, 52% used [0x0000000652c00000,0x000000065cea23d0,0x0000000666380000)
 Metaspace       used 36794K, capacity 38522K, committed 55000K, reserved 1097728K
  class space    used 4089K, capacity 4444K, committed 7040K, reserved 1048576K
Event: 46.409 GC heap after
Heap after GC invocations=19 (full 3):
 PSYoungGen      total 800768K, used 29253K [0x0000000746400000, 0x000000077aa00000, 0x00000007c0000000)
  eden space 748544K, 0% used [0x0000000746400000,0x0000000746400000,0x0000000773f00000)
  from space 52224K, 56% used [0x0000000777700000,0x0000000779391688,0x000000077aa00000)
  to   space 54784K, 0% used [0x0000000773f00000,0x0000000773f00000,0x0000000777480000)
 ParOldGen       total 318976K, used 166544K [0x0000000652c00000, 0x0000000666380000, 0x0000000746400000)
  object space 318976K, 52% used [0x0000000652c00000,0x000000065cea43d0,0x0000000666380000)
 Metaspace       used 36794K, capacity 38522K, committed 55000K, reserved 1097728K
  class space    used 4089K, capacity 4444K, committed 7040K, reserved 1048576K
}
Event: 52.284 GC heap before
{Heap before GC invocations=20 (full 3):
 PSYoungGen      total 800768K, used 777797K [0x0000000746400000, 0x000000077aa00000, 0x00000007c0000000)
  eden space 748544K, 100% used [0x0000000746400000,0x0000000773f00000,0x0000000773f00000)
  from space 52224K, 56% used [0x0000000777700000,0x0000000779391688,0x000000077aa00000)
  to   space 54784K, 0% used [0x0000000773f00000,0x0000000773f00000,0x0000000777480000)
 ParOldGen       total 318976K, used 166544K [0x0000000652c00000, 0x0000000666380000, 0x0000000746400000)
  object space 318976K, 52% used [0x0000000652c00000,0x000000065cea43d0,0x0000000666380000)
 Metaspace       used 42936K, capacity 45106K, committed 55000K, reserved 1097728K
  class space    used 4813K, capacity 5211K, committed 7040K, reserved 1048576K
Event: 52.309 GC heap after
Heap after GC invocations=20 (full 3):
 PSYoungGen      total 803328K, used 43962K [0x0000000746400000, 0x0000000780380000, 0x00000007c0000000)
  eden space 748544K, 0% used [0x0000000746400000,0x0000000746400000,0x0000000773f00000)
  from space 54784K, 80% used [0x0000000773f00000,0x00000007769ee858,0x0000000777480000)
  to   space 58368K, 0% used [0x000000077ca80000,0x000000077ca80000,0x0000000780380000)
 ParOldGen       total 318976K, used 166552K [0x0000000652c00000, 0x0000000666380000, 0x0000000746400000)
  object space 318976K, 52% used [0x0000000652c00000,0x000000065cea63d0,0x0000000666380000)
 Metaspace       used 42936K, capacity 45106K, committed 55000K, reserved 1097728K
  class space    used 4813K, capacity 5211K, committed 7040K, reserved 1048576K
}
Event: 58.676 GC heap before
{Heap before GC invocations=21 (full 3):
 PSYoungGen      total 803328K, used 792506K [0x0000000746400000, 0x0000000780380000, 0x00000007c0000000)
  eden space 748544K, 100% used [0x0000000746400000,0x0000000773f00000,0x0000000773f00000)
  from space 54784K, 80% used [0x0000000773f00000,0x00000007769ee858,0x0000000777480000)
  to   space 58368K, 0% used [0x000000077ca80000,0x000000077ca80000,0x0000000780380000)
 ParOldGen       total 318976K, used 166552K [0x0000000652c00000, 0x0000000666380000, 0x0000000746400000)
  object space 318976K, 52% used [0x0000000652c00000,0x000000065cea63d0,0x0000000666380000)
 Metaspace       used 48368K, capacity 50850K, committed 55000K, reserved 1097728K
  class space    used 5464K, capacity 5911K, committed 7040K, reserved 1048576K
Event: 58.723 GC heap after
Heap after GC invocations=21 (full 3):
 PSYoungGen      total 885248K, used 58357K [0x0000000746400000, 0x0000000781000000, 0x00000007c0000000)
  eden space 826880K, 0% used [0x0000000746400000,0x0000000746400000,0x0000000778b80000)
  from space 58368K, 99% used [0x000000077ca80000,0x000000078037d7e0,0x0000000780380000)
  to   space 64512K, 0% used [0x0000000778b80000,0x0000000778b80000,0x000000077ca80000)
 ParOldGen       total 318976K, used 167584K [0x0000000652c00000, 0x0000000666380000, 0x0000000746400000)
  object space 318976K, 52% used [0x0000000652c00000,0x000000065cfa81e8,0x0000000666380000)
 Metaspace       used 48368K, capacity 50850K, committed 55000K, reserved 1097728K
  class space    used 5464K, capacity 5911K, committed 7040K, reserved 1048576K
}

